0 info it worked if it ends with ok
1 verbose cli [ '/usr/bin/nodejs',
1 verbose cli   '/usr/bin/npm',
1 verbose cli   'install',
1 verbose cli   'fibers@1.0.1',
1 verbose cli   '-g' ]
2 info using npm@1.4.21
3 info using node@v0.10.25
4 verbose cache add [ 'fibers@1.0.1', null ]
5 verbose cache add name=undefined spec="fibers@1.0.1" args=["fibers@1.0.1",null]
6 verbose parsed url { protocol: null,
6 verbose parsed url   slashes: null,
6 verbose parsed url   auth: null,
6 verbose parsed url   host: null,
6 verbose parsed url   port: null,
6 verbose parsed url   hostname: null,
6 verbose parsed url   hash: null,
6 verbose parsed url   search: null,
6 verbose parsed url   query: null,
6 verbose parsed url   pathname: 'fibers@1.0.1',
6 verbose parsed url   path: 'fibers@1.0.1',
6 verbose parsed url   href: 'fibers@1.0.1' }
7 verbose cache add name="fibers" spec="1.0.1" args=["fibers","1.0.1"]
8 verbose parsed url { protocol: null,
8 verbose parsed url   slashes: null,
8 verbose parsed url   auth: null,
8 verbose parsed url   host: null,
8 verbose parsed url   port: null,
8 verbose parsed url   hostname: null,
8 verbose parsed url   hash: null,
8 verbose parsed url   search: null,
8 verbose parsed url   query: null,
8 verbose parsed url   pathname: '1.0.1',
8 verbose parsed url   path: '1.0.1',
8 verbose parsed url   href: '1.0.1' }
9 verbose addNamed [ 'fibers', '1.0.1' ]
10 verbose addNamed [ '1.0.1', '1.0.1' ]
11 silly lockFile c99c8b50-fibers-1-0-1 fibers@1.0.1
12 verbose lock fibers@1.0.1 /home/ulloac/.npm/c99c8b50-fibers-1-0-1.lock
13 verbose request where is /fibers
14 verbose request registry https://registry.npmjs.org/
15 verbose request id 6d9ab7831b4d07aa
16 verbose url raw /fibers
17 verbose url resolving [ 'https://registry.npmjs.org/', './fibers' ]
18 verbose url resolved https://registry.npmjs.org/fibers
19 verbose request where is https://registry.npmjs.org/fibers
20 info trying registry request attempt 1 at 16:51:01
21 verbose etag "3YRBH2Z7YIIJDW9VKYVXHVG8"
22 http GET https://registry.npmjs.org/fibers
23 http 304 https://registry.npmjs.org/fibers
24 silly registry.get cb [ 304,
24 silly registry.get   { date: 'Mon, 08 Feb 2016 21:51:01 GMT',
24 silly registry.get     via: '1.1 varnish',
24 silly registry.get     'cache-control': 'max-age=300',
24 silly registry.get     etag: '"3YRBH2Z7YIIJDW9VKYVXHVG8"',
24 silly registry.get     age: '42',
24 silly registry.get     connection: 'keep-alive',
24 silly registry.get     'x-served-by': 'cache-atl6241-ATL',
24 silly registry.get     'x-cache': 'HIT',
24 silly registry.get     'x-cache-hits': '1',
24 silly registry.get     'x-timer': 'S1454968261.512260,VS0,VE0',
24 silly registry.get     vary: 'Accept' } ]
25 verbose etag https://registry.npmjs.org/fibers from cache
26 silly lockFile c99c8b50-fibers-1-0-1 fibers@1.0.1
27 silly lockFile c99c8b50-fibers-1-0-1 fibers@1.0.1
28 silly resolved [ { name: 'fibers',
28 silly resolved     version: '1.0.1',
28 silly resolved     description: 'Cooperative multi-tasking for Javascript',
28 silly resolved     keywords:
28 silly resolved      [ 'fiber',
28 silly resolved        'fibers',
28 silly resolved        'coroutine',
28 silly resolved        'thread',
28 silly resolved        'async',
28 silly resolved        'parallel',
28 silly resolved        'worker',
28 silly resolved        'future',
28 silly resolved        'promise' ],
28 silly resolved     homepage: 'https://github.com/laverdet/node-fibers',
28 silly resolved     author:
28 silly resolved      { name: 'Marcel Laverdet',
28 silly resolved        email: 'marcel@laverdet.com',
28 silly resolved        url: 'https://github.com/laverdet/' },
28 silly resolved     main: 'fibers',
28 silly resolved     scripts: { install: 'node ./build.js', test: 'node ./test.js' },
28 silly resolved     repository:
28 silly resolved      { type: 'git',
28 silly resolved        url: 'git://github.com/laverdet/node-fibers.git' },
28 silly resolved     engines: { node: '>=0.5.2' },
28 silly resolved     _id: 'fibers@1.0.1',
28 silly resolved     dist:
28 silly resolved      { shasum: '6c4cb3b3815176fc4aad821df67442d8185d7a66',
28 silly resolved        tarball: 'http://registry.npmjs.org/fibers/-/fibers-1.0.1.tgz' },
28 silly resolved     _from: 'fibers@1.0.1',
28 silly resolved     _npmVersion: '1.2.18',
28 silly resolved     _npmUser: { name: 'laverdet', email: 'marcel.npm@laverdet.com' },
28 silly resolved     maintainers: [ [Object] ],
28 silly resolved     directories: {},
28 silly resolved     _shasum: '6c4cb3b3815176fc4aad821df67442d8185d7a66',
28 silly resolved     _resolved: 'https://registry.npmjs.org/fibers/-/fibers-1.0.1.tgz',
28 silly resolved     bugs: { url: 'https://github.com/laverdet/node-fibers/issues' },
28 silly resolved     readme: 'ERROR: No README data found!' } ]
29 info install fibers@1.0.1 into /usr/local/lib
30 info installOne fibers@1.0.1
31 verbose lib/node_modules/fibers unbuild
32 verbose tar unpack /home/ulloac/.npm/fibers/1.0.1/package.tgz
33 silly lockFile c60c00aa-sr-local-lib-node-modules-fibers tar:///usr/local/lib/node_modules/fibers
34 verbose lock tar:///usr/local/lib/node_modules/fibers /home/ulloac/.npm/c60c00aa-sr-local-lib-node-modules-fibers.lock
35 silly lockFile 3e7aa213-oac-npm-fibers-1-0-1-package-tgz tar:///home/ulloac/.npm/fibers/1.0.1/package.tgz
36 verbose lock tar:///home/ulloac/.npm/fibers/1.0.1/package.tgz /home/ulloac/.npm/3e7aa213-oac-npm-fibers-1-0-1-package-tgz.lock
37 silly gunzTarPerm modes [ '755', '644' ]
38 silly gunzTarPerm extractEntry package.json
39 silly gunzTarPerm extractEntry .npmignore
40 silly gunzTarPerm extractEntry README.md
41 silly gunzTarPerm extractEntry LICENSE
42 silly gunzTarPerm extractEntry fibers.js
43 silly gunzTarPerm extractEntry future.js
44 silly gunzTarPerm extractEntry build.js
45 silly gunzTarPerm extractEntry quick-test.js
46 silly gunzTarPerm extractEntry test.js
47 silly gunzTarPerm extractEntry bin/.npmignore
48 silly gunzTarPerm extractEntry bin/win32-x64-v8-3.6/fibers.node
49 silly gunzTarPerm extractEntry bin/darwin-ia32-v8-3.6/fibers.node
50 silly gunzTarPerm extractEntry bin/darwin-x64-v8-3.11/fibers.node
51 silly gunzTarPerm extractEntry bin/darwin-x64-v8-3.6/fibers.node
52 silly gunzTarPerm extractEntry bin/linux-ia32-v8-3.11/fibers.node
53 silly gunzTarPerm extractEntry bin/linux-ia32-v8-3.14/fibers.node
54 silly gunzTarPerm extractEntry bin/linux-ia32-v8-3.6/fibers.node
55 silly gunzTarPerm extractEntry bin/darwin-ia32-v8-3.11/fibers.node
56 silly gunzTarPerm extractEntry bin/linux-x64-v8-3.14/fibers.node
57 silly gunzTarPerm extractEntry bin/linux-x64-v8-3.6/fibers.node
58 silly gunzTarPerm extractEntry bin/win32-ia32-v8-3.11/fibers.node
59 silly gunzTarPerm extractEntry bin/win32-ia32-v8-3.14/fibers.node
60 silly gunzTarPerm extractEntry bin/win32-ia32-v8-3.6/fibers.node
61 silly gunzTarPerm extractEntry bin/win32-x64-v8-3.11/fibers.node
62 silly gunzTarPerm extractEntry bin/win32-x64-v8-3.14/fibers.node
63 silly gunzTarPerm extractEntry bin/linux-x64-v8-3.11/fibers.node
64 silly gunzTarPerm extractEntry binding.gyp
65 silly gunzTarPerm extractEntry src/coroutine.cc
66 silly gunzTarPerm extractEntry src/coroutine.h
67 silly gunzTarPerm extractEntry src/fibers.cc
68 silly gunzTarPerm extractEntry src/libcoro/README
69 silly gunzTarPerm extractEntry src/libcoro/LICENSE
70 silly gunzTarPerm extractEntry src/libcoro/conftest.c
71 silly gunzTarPerm extractEntry src/libcoro/coro.c
72 silly gunzTarPerm extractEntry src/libcoro/coro.h
73 silly gunzTarPerm extractEntry test/already-running.js
74 silly gunzTarPerm extractEntry test/exit.js
75 silly gunzTarPerm extractEntry test/fibonacci.js
76 silly gunzTarPerm extractEntry test/finish-multiple.js
77 silly gunzTarPerm extractEntry test/exec.js
78 silly gunzTarPerm extractEntry test/future.js
79 silly gunzTarPerm extractEntry test/illegal-yield.js
80 silly gunzTarPerm extractEntry test/pool.js
81 silly gunzTarPerm extractEntry test/process-title.js
82 silly gunzTarPerm extractEntry test/stack-overflow.js
83 silly gunzTarPerm extractEntry test/current.js
84 silly gunzTarPerm extractEntry test/stack-overflow2.js
85 silly gunzTarPerm extractEntry test/child-process.js
86 silly gunzTarPerm extractEntry test/started.js
87 silly gunzTarPerm extractEntry test/bad-context.js
88 silly gunzTarPerm extractEntry test/unwind.js
89 silly gunzTarPerm extractEntry test/future-exception.js
90 silly lockFile c60c00aa-sr-local-lib-node-modules-fibers tar:///usr/local/lib/node_modules/fibers
91 silly lockFile c60c00aa-sr-local-lib-node-modules-fibers tar:///usr/local/lib/node_modules/fibers
92 silly lockFile 3e7aa213-oac-npm-fibers-1-0-1-package-tgz tar:///home/ulloac/.npm/fibers/1.0.1/package.tgz
93 silly lockFile 3e7aa213-oac-npm-fibers-1-0-1-package-tgz tar:///home/ulloac/.npm/fibers/1.0.1/package.tgz
94 info preinstall fibers@1.0.1
95 verbose readDependencies using package.json deps
96 verbose readDependencies using package.json deps
97 silly resolved []
98 verbose about to build /usr/local/lib/node_modules/fibers
99 info build /usr/local/lib/node_modules/fibers
100 verbose linkStuff [ true,
100 verbose linkStuff   '/usr/local/lib/node_modules',
100 verbose linkStuff   true,
100 verbose linkStuff   '/usr/local/lib/node_modules' ]
101 info linkStuff fibers@1.0.1
102 verbose linkBins fibers@1.0.1
103 verbose linkMans fibers@1.0.1
104 verbose rebuildBundles fibers@1.0.1
105 info install fibers@1.0.1
106 verbose unsafe-perm in lifecycle false
107 info fibers@1.0.1 Failed to exec install script
108 verbose lib/node_modules/fibers unbuild
109 warn This failure might be due to the use of legacy binary "node"
110 warn For further explanations, please read
/usr/share/doc/nodejs/README.Debian
111 info preuninstall fibers@1.0.1
112 info uninstall fibers@1.0.1
113 verbose true,/usr/local/lib/node_modules,/usr/local/lib/node_modules unbuild fibers@1.0.1
114 info postuninstall fibers@1.0.1
115 error fibers@1.0.1 install: `node ./build.js`
115 error Exit status 1
116 error Failed at the fibers@1.0.1 install script.
116 error This is most likely a problem with the fibers package,
116 error not with npm itself.
116 error Tell the author that this fails on your system:
116 error     node ./build.js
116 error You can get their info via:
116 error     npm owner ls fibers
116 error There is likely additional logging output above.
117 error System Linux 3.19.0-49-generic
118 error command "/usr/bin/nodejs" "/usr/bin/npm" "install" "fibers@1.0.1" "-g"
119 error cwd /home/ulloac/Documents/Repositories/J-Entry/j-entry-page
120 error node -v v0.10.25
121 error npm -v 1.4.21
122 error code ELIFECYCLE
123 verbose exit [ 1, true ]
